Determining if the pthread_create exist failed with the following output:
Change Dir: /home/driverless/sim/build/velodyne_description/CMakeFiles/CMakeTmp

Run Build Command:"/usr/bin/make" "cmTC_ec38a/fast"
/usr/bin/make -f CMakeFiles/cmTC_ec38a.dir/build.make CMakeFiles/cmTC_ec38a.dir/build
make[1]: se entra en el directorio '/home/driverless/sim/build/velodyne_description/CMakeFiles/CMakeTmp'
Building C object CMakeFiles/cmTC_ec38a.dir/CheckSymbolExists.c.o
/usr/bin/cc    -o CMakeFiles/cmTC_ec38a.dir/CheckSymbolExists.c.o   -c /home/driverless/sim/build/velodyne_description/CMakeFiles/CMakeTmp/CheckSymbolExists.c
Linking C executable cmTC_ec38a
/usr/bin/cmake -E cmake_link_script CMakeFiles/cmTC_ec38a.dir/link.txt --verbose=1
/usr/bin/cc      -rdynamic CMakeFiles/cmTC_ec38a.dir/CheckSymbolExists.c.o  -o cmTC_ec38a 
CMakeFiles/cmTC_ec38a.dir/CheckSymbolExists.c.o: En la funci√≥n `main':
CheckSymbolExists.c:(.text+0x1b): referencia a `pthread_create' sin definir
collect2: error: ld returned 1 exit status
CMakeFiles/cmTC_ec38a.dir/build.make:97: fallo en las instrucciones para el objetivo 'cmTC_ec38a'
make[1]: *** [cmTC_ec38a] Error 1
make[1]: se sale del directorio '/home/driverless/sim/build/velodyne_description/CMakeFiles/CMakeTmp'
Makefile:126: fallo en las instrucciones para el objetivo 'cmTC_ec38a/fast'
make: *** [cmTC_ec38a/fast] Error 2

File /home/driverless/sim/build/velodyne_description/CMakeFiles/CMakeTmp/CheckSymbolExists.c:
/* */
#include <pthread.h>

int main(int argc, char** argv)
{
  (void)argv;
#ifndef pthread_create
  return ((int*)(&pthread_create))[argc];
#else
  (void)argc;
  return 0;
#endif
}

Determining if the function pthread_create exists in the pthreads failed with the following output:
Change Dir: /home/driverless/sim/build/velodyne_description/CMakeFiles/CMakeTmp

Run Build Command:"/usr/bin/make" "cmTC_95523/fast"
/usr/bin/make -f CMakeFiles/cmTC_95523.dir/build.make CMakeFiles/cmTC_95523.dir/build
make[1]: se entra en el directorio '/home/driverless/sim/build/velodyne_description/CMakeFiles/CMakeTmp'
Building C object CMakeFiles/cmTC_95523.dir/CheckFunctionExists.c.o
/usr/bin/cc   -DCHECK_FUNCTION_EXISTS=pthread_create   -o CMakeFiles/cmTC_95523.dir/CheckFunctionExists.c.o   -c /usr/share/cmake-3.10/Modules/CheckFunctionExists.c
Linking C executable cmTC_95523
/usr/bin/cmake -E cmake_link_script CMakeFiles/cmTC_95523.dir/link.txt --verbose=1
/usr/bin/cc  -DCHECK_FUNCTION_EXISTS=pthread_create    -rdynamic CMakeFiles/cmTC_95523.dir/CheckFunctionExists.c.o  -o cmTC_95523 -lpthreads 
/usr/bin/ld: no se puede encontrar -lpthreads
collect2: error: ld returned 1 exit status
CMakeFiles/cmTC_95523.dir/build.make:97: fallo en las instrucciones para el objetivo 'cmTC_95523'
make[1]: *** [cmTC_95523] Error 1
make[1]: se sale del directorio '/home/driverless/sim/build/velodyne_description/CMakeFiles/CMakeTmp'
Makefile:126: fallo en las instrucciones para el objetivo 'cmTC_95523/fast'
make: *** [cmTC_95523/fast] Error 2


