Determining if the pthread_create exist failed with the following output:
Change Dir: /home/driverless/sim/build/velodyne_simulator/CMakeFiles/CMakeTmp

Run Build Command:"/usr/bin/make" "cmTC_82ebc/fast"
/usr/bin/make -f CMakeFiles/cmTC_82ebc.dir/build.make CMakeFiles/cmTC_82ebc.dir/build
make[1]: se entra en el directorio '/home/driverless/sim/build/velodyne_simulator/CMakeFiles/CMakeTmp'
Building C object CMakeFiles/cmTC_82ebc.dir/CheckSymbolExists.c.o
/usr/bin/cc    -o CMakeFiles/cmTC_82ebc.dir/CheckSymbolExists.c.o   -c /home/driverless/sim/build/velodyne_simulator/CMakeFiles/CMakeTmp/CheckSymbolExists.c
Linking C executable cmTC_82ebc
/usr/bin/cmake -E cmake_link_script CMakeFiles/cmTC_82ebc.dir/link.txt --verbose=1
/usr/bin/cc      -rdynamic CMakeFiles/cmTC_82ebc.dir/CheckSymbolExists.c.o  -o cmTC_82ebc 
CMakeFiles/cmTC_82ebc.dir/CheckSymbolExists.c.o: En la funci√≥n `main':
CheckSymbolExists.c:(.text+0x1b): referencia a `pthread_create' sin definir
collect2: error: ld returned 1 exit status
CMakeFiles/cmTC_82ebc.dir/build.make:97: fallo en las instrucciones para el objetivo 'cmTC_82ebc'
make[1]: *** [cmTC_82ebc] Error 1
make[1]: se sale del directorio '/home/driverless/sim/build/velodyne_simulator/CMakeFiles/CMakeTmp'
Makefile:126: fallo en las instrucciones para el objetivo 'cmTC_82ebc/fast'
make: *** [cmTC_82ebc/fast] Error 2

File /home/driverless/sim/build/velodyne_simulator/CMakeFiles/CMakeTmp/CheckSymbolExists.c:
/* */
#include <pthread.h>

int main(int argc, char** argv)
{
  (void)argv;
#ifndef pthread_create
  return ((int*)(&pthread_create))[argc];
#else
  (void)argc;
  return 0;
#endif
}

Determining if the function pthread_create exists in the pthreads failed with the following output:
Change Dir: /home/driverless/sim/build/velodyne_simulator/CMakeFiles/CMakeTmp

Run Build Command:"/usr/bin/make" "cmTC_3de1d/fast"
/usr/bin/make -f CMakeFiles/cmTC_3de1d.dir/build.make CMakeFiles/cmTC_3de1d.dir/build
make[1]: se entra en el directorio '/home/driverless/sim/build/velodyne_simulator/CMakeFiles/CMakeTmp'
Building C object CMakeFiles/cmTC_3de1d.dir/CheckFunctionExists.c.o
/usr/bin/cc   -DCHECK_FUNCTION_EXISTS=pthread_create   -o CMakeFiles/cmTC_3de1d.dir/CheckFunctionExists.c.o   -c /usr/share/cmake-3.10/Modules/CheckFunctionExists.c
Linking C executable cmTC_3de1d
/usr/bin/cmake -E cmake_link_script CMakeFiles/cmTC_3de1d.dir/link.txt --verbose=1
/usr/bin/cc  -DCHECK_FUNCTION_EXISTS=pthread_create    -rdynamic CMakeFiles/cmTC_3de1d.dir/CheckFunctionExists.c.o  -o cmTC_3de1d -lpthreads 
/usr/bin/ld: no se puede encontrar -lpthreads
collect2: error: ld returned 1 exit status
CMakeFiles/cmTC_3de1d.dir/build.make:97: fallo en las instrucciones para el objetivo 'cmTC_3de1d'
make[1]: *** [cmTC_3de1d] Error 1
make[1]: se sale del directorio '/home/driverless/sim/build/velodyne_simulator/CMakeFiles/CMakeTmp'
Makefile:126: fallo en las instrucciones para el objetivo 'cmTC_3de1d/fast'
make: *** [cmTC_3de1d/fast] Error 2


